[debug] [2021-09-08T03:26:43.958Z] ----------------------------------------------------------------------
[debug] [2021-09-08T03:26:43.958Z] Command:       /opt/homebrew/Cellar/node/16.8.0/bin/node /opt/homebrew/bin/firebase init
[debug] [2021-09-08T03:26:43.959Z] CLI Version:   9.17.0
[debug] [2021-09-08T03:26:43.959Z] Platform:      darwin
[debug] [2021-09-08T03:26:43.959Z] Node Version:  v16.8.0
[debug] [2021-09-08T03:26:43.959Z] Time:          Wed Sep 08 2021 08:56:43 GMT+0530 (India Standard Time)
[debug] [2021-09-08T03:26:43.959Z] ----------------------------------------------------------------------
[debug] 
[debug] [2021-09-08T03:26:43.961Z] > command requires scopes: ["email","openid","https://www.googleapis.com/auth/cloudplatformprojects.readonly","https://www.googleapis.com/auth/firebase","https://www.googleapis.com/auth/cloud-platform"]
[debug] [2021-09-08T03:26:43.962Z] > authorizing via signed-in user (fayezmohammed23@gmail.com)
[info] 
     ######## #### ########  ######## ########     ###     ######  ########
     ##        ##  ##     ## ##       ##     ##  ##   ##  ##       ##
     ######    ##  ########  ######   ########  #########  ######  ######
     ##        ##  ##    ##  ##       ##     ## ##     ##       ## ##
     ##       #### ##     ## ######## ########  ##     ##  ######  ########

You're about to initialize a Firebase project in this directory:

  /Users/mohammedfayez/Documents/hugo/blog

[info] 
=== Project Setup
[info] 
[info] First, let's associate this project directory with a Firebase project.
[info] You can create multiple project aliases by running firebase use --add, 
[info] but for now we'll just set up a default project.
[info] 
[info] i  If you want to create a project in a Google Cloud organization or folder, please use "firebase projects:create" instead, and return to this command when you've created the project. 
[debug] [2021-09-08T03:28:43.002Z] > refreshing access token with scopes: ["email","https://www.googleapis.com/auth/cloud-platform","https://www.googleapis.com/auth/cloudplatformprojects.readonly","https://www.googleapis.com/auth/firebase","openid"]
[debug] [2021-09-08T03:28:43.002Z] >>> HTTP REQUEST POST https://www.googleapis.com/oauth2/v3/token  
 <request body omitted>
[debug] [2021-09-08T03:28:43.352Z] <<< HTTP RESPONSE 200 {"cache-control":"no-cache, no-store, max-age=0, must-revalidate","expires":"Mon, 01 Jan 1990 00:00:00 GMT","pragma":"no-cache","date":"Wed, 08 Sep 2021 03:28:43 GMT","content-type":"application/json; charset=utf-8","vary":"X-Origin, Referer, Origin,Accept-Encoding","server":"scaffolding on HTTPServer2","x-xss-protection":"0","x-frame-options":"SAMEORIGIN","x-content-type-options":"nosniff","alt-svc":"h3=\":443\"; ma=2592000,h3-29=\":443\"; ma=2592000,h3-T051=\":443\"; ma=2592000,h3-Q050=\":443\"; ma=2592000,h3-Q046=\":443\"; ma=2592000,h3-Q043=\":443\"; ma=2592000,quic=\":443\"; ma=2592000; v=\"46,43\"","accept-ranges":"none","transfer-encoding":"chunked"}
[debug] [2021-09-08T03:28:43.400Z] >>> HTTP REQUEST POST https://cloudresourcemanager.googleapis.com/v1/projects  
 {"projectId":"blog-hugo","name":"blog-hugo"}
[debug] [2021-09-08T03:28:45.142Z] <<< HTTP RESPONSE 409 {"vary":"X-Origin, Referer, Origin,Accept-Encoding","content-type":"application/json; charset=UTF-8","date":"Wed, 08 Sep 2021 03:28:45 GMT","server":"ESF","cache-control":"private","x-xss-protection":"0","x-frame-options":"SAMEORIGIN","x-content-type-options":"nosniff","server-timing":"gfet4t7; dur=1469","alt-svc":"h3=\":443\"; ma=2592000,h3-29=\":443\"; ma=2592000,h3-T051=\":443\"; ma=2592000,h3-Q050=\":443\"; ma=2592000,h3-Q046=\":443\"; ma=2592000,h3-Q043=\":443\"; ma=2592000,quic=\":443\"; ma=2592000; v=\"46,43\"","accept-ranges":"none","transfer-encoding":"chunked"}
[debug] [2021-09-08T03:28:45.143Z] <<< HTTP RESPONSE BODY {"error":{"code":409,"message":"Requested entity already exists","status":"ALREADY_EXISTS"}}
[debug] [2021-09-08T03:28:45.390Z] FirebaseError: HTTP Error: 409, Requested entity already exists
    at module.exports (/opt/homebrew/lib/node_modules/firebase-tools/lib/responseToError.js:38:12)
    at Request._callback (/opt/homebrew/lib/node_modules/firebase-tools/lib/api.js:41:35)
    at Request.self.callback (/opt/homebrew/lib/node_modules/firebase-tools/node_modules/request/request.js:185:22)
    at Request.emit (node:events:394:28)
    at Request.emit (node:domain:475:12)
    at Request.<anonymous> (/opt/homebrew/lib/node_modules/firebase-tools/node_modules/request/request.js:1154:10)
    at Request.emit (node:events:394:28)
    at Request.emit (node:domain:475:12)
    at IncomingMessage.<anonymous> (/opt/homebrew/lib/node_modules/firebase-tools/node_modules/request/request.js:1076:12)
    at Object.onceWrapper (node:events:513:28)
    at IncomingMessage.emit (node:events:406:35)
    at IncomingMessage.emit (node:domain:475:12)
    at endReadableNT (node:internal/streams/readable:1343:12)
    at processTicksAndRejections (node:internal/process/task_queues:83:21)
[error] 
[error] Error: Failed to create project because there is already a project with ID blog-hugo. Please try again with a unique project ID.
[debug] [2021-09-08T03:28:51.815Z] ----------------------------------------------------------------------
[debug] [2021-09-08T03:28:51.816Z] Command:       /opt/homebrew/Cellar/node/16.8.0/bin/node /opt/homebrew/bin/firebase init
[debug] [2021-09-08T03:28:51.816Z] CLI Version:   9.17.0
[debug] [2021-09-08T03:28:51.816Z] Platform:      darwin
[debug] [2021-09-08T03:28:51.816Z] Node Version:  v16.8.0
[debug] [2021-09-08T03:28:51.816Z] Time:          Wed Sep 08 2021 08:58:51 GMT+0530 (India Standard Time)
[debug] [2021-09-08T03:28:51.817Z] ----------------------------------------------------------------------
[debug] 
[debug] [2021-09-08T03:28:51.819Z] > command requires scopes: ["email","openid","https://www.googleapis.com/auth/cloudplatformprojects.readonly","https://www.googleapis.com/auth/firebase","https://www.googleapis.com/auth/cloud-platform"]
[debug] [2021-09-08T03:28:51.819Z] > authorizing via signed-in user (fayezmohammed23@gmail.com)
[info] 
     ######## #### ########  ######## ########     ###     ######  ########
     ##        ##  ##     ## ##       ##     ##  ##   ##  ##       ##
     ######    ##  ########  ######   ########  #########  ######  ######
     ##        ##  ##    ##  ##       ##     ## ##     ##       ## ##
     ##       #### ##     ## ######## ########  ##     ##  ######  ########

You're about to initialize a Firebase project in this directory:

  /Users/mohammedfayez/Documents/hugo/blog

[info] 
=== Project Setup
[info] 
[info] First, let's associate this project directory with a Firebase project.
[info] You can create multiple project aliases by running firebase use --add, 
[info] but for now we'll just set up a default project.
[info] 
[info] i  If you want to create a project in a Google Cloud organization or folder, please use "firebase projects:create" instead, and return to this command when you've created the project. 
[debug] [2021-09-08T03:29:20.099Z] >>> HTTP REQUEST POST https://cloudresourcemanager.googleapis.com/v1/projects  
 {"projectId":"blog-hugo-evolvingkid","name":"blog-hugo-evolvingkid"}
[debug] [2021-09-08T03:29:21.895Z] <<< HTTP RESPONSE 200 {"content-type":"application/json; charset=UTF-8","vary":"X-Origin, Referer, Origin,Accept-Encoding","date":"Wed, 08 Sep 2021 03:29:21 GMT","server":"ESF","cache-control":"private","x-xss-protection":"0","x-frame-options":"SAMEORIGIN","x-content-type-options":"nosniff","server-timing":"gfet4t7; dur=1570","alt-svc":"h3=\":443\"; ma=2592000,h3-29=\":443\"; ma=2592000,h3-T051=\":443\"; ma=2592000,h3-Q050=\":443\"; ma=2592000,h3-Q046=\":443\"; ma=2592000,h3-Q043=\":443\"; ma=2592000,quic=\":443\"; ma=2592000; v=\"46,43\"","accept-ranges":"none","transfer-encoding":"chunked"}
[debug] [2021-09-08T03:29:21.899Z] > refreshing access token with scopes: []
[debug] [2021-09-08T03:29:21.899Z] >>> HTTP REQUEST POST https://www.googleapis.com/oauth2/v3/token  
 <request body omitted>
[debug] [2021-09-08T03:29:22.171Z] <<< HTTP RESPONSE 200 {"expires":"Mon, 01 Jan 1990 00:00:00 GMT","date":"Wed, 08 Sep 2021 03:29:22 GMT","cache-control":"no-cache, no-store, max-age=0, must-revalidate","pragma":"no-cache","content-type":"application/json; charset=utf-8","vary":"X-Origin, Referer, Origin,Accept-Encoding","server":"scaffolding on HTTPServer2","x-xss-protection":"0","x-frame-options":"SAMEORIGIN","x-content-type-options":"nosniff","alt-svc":"h3=\":443\"; ma=2592000,h3-29=\":443\"; ma=2592000,h3-T051=\":443\"; ma=2592000,h3-Q050=\":443\"; ma=2592000,h3-Q046=\":443\"; ma=2592000,h3-Q043=\":443\"; ma=2592000,quic=\":443\"; ma=2592000; v=\"46,43\"","accept-ranges":"none","transfer-encoding":"chunked"}
[debug] [2021-09-08T03:29:22.218Z] >>> [apiv2][query] GET https://cloudresourcemanager.googleapis.com/v1/operations/cp.7367091119722172041 [none]
[debug] [2021-09-08T03:29:24.021Z] <<< [apiv2][status] GET https://cloudresourcemanager.googleapis.com/v1/operations/cp.7367091119722172041 200
[debug] [2021-09-08T03:29:24.021Z] <<< [apiv2][body] GET https://cloudresourcemanager.googleapis.com/v1/operations/cp.7367091119722172041 {"name":"operations/cp.7367091119722172041"}
[debug] [2021-09-08T03:29:24.527Z] [Project Creation Poller] Retrying task index 0
[debug] [2021-09-08T03:29:24.528Z] >>> [apiv2][query] GET https://cloudresourcemanager.googleapis.com/v1/operations/cp.7367091119722172041 [none]
[debug] [2021-09-08T03:29:26.266Z] <<< [apiv2][status] GET https://cloudresourcemanager.googleapis.com/v1/operations/cp.7367091119722172041 200
[debug] [2021-09-08T03:29:26.266Z] <<< [apiv2][body] GET https://cloudresourcemanager.googleapis.com/v1/operations/cp.7367091119722172041 {"name":"operations/cp.7367091119722172041","metadata":{"@type":"type.googleapis.com/google.cloudresourcemanager.v1.ProjectCreationStatus","gettable":true,"ready":true},"done":true,"response":{"@type":"type.googleapis.com/google.cloudresourcemanager.v1.Project","projectNumber":"603166095603","projectId":"blog-hugo-evolvingkid","lifecycleState":"ACTIVE","name":"blog-hugo-evolvingkid","createTime":"2021-09-08T03:29:21.638Z"}}
[debug] [2021-09-08T03:29:26.268Z] > refreshing access token with scopes: ["email","https://www.googleapis.com/auth/cloud-platform","https://www.googleapis.com/auth/cloudplatformprojects.readonly","https://www.googleapis.com/auth/firebase","openid"]
[debug] [2021-09-08T03:29:26.269Z] >>> HTTP REQUEST POST https://www.googleapis.com/oauth2/v3/token  
 <request body omitted>
[debug] [2021-09-08T03:29:26.642Z] <<< HTTP RESPONSE 200 {"date":"Wed, 08 Sep 2021 03:29:26 GMT","pragma":"no-cache","expires":"Mon, 01 Jan 1990 00:00:00 GMT","cache-control":"no-cache, no-store, max-age=0, must-revalidate","content-type":"application/json; charset=utf-8","vary":"X-Origin, Referer, Origin,Accept-Encoding","server":"scaffolding on HTTPServer2","x-xss-protection":"0","x-frame-options":"SAMEORIGIN","x-content-type-options":"nosniff","alt-svc":"h3=\":443\"; ma=2592000,h3-29=\":443\"; ma=2592000,h3-T051=\":443\"; ma=2592000,h3-Q050=\":443\"; ma=2592000,h3-Q046=\":443\"; ma=2592000,h3-Q043=\":443\"; ma=2592000,quic=\":443\"; ma=2592000; v=\"46,43\"","accept-ranges":"none","transfer-encoding":"chunked"}
[debug] [2021-09-08T03:29:26.687Z] >>> HTTP REQUEST POST https://firebase.googleapis.com/v1beta1/projects/blog-hugo-evolvingkid:addFirebase  
 
[debug] [2021-09-08T03:29:30.771Z] <<< HTTP RESPONSE 200 {"content-type":"application/json; charset=UTF-8","vary":"X-Origin, Referer, Origin,Accept-Encoding","date":"Wed, 08 Sep 2021 03:29:30 GMT","server":"ESF","cache-control":"private","x-xss-protection":"0","x-frame-options":"SAMEORIGIN","x-content-type-options":"nosniff","alt-svc":"h3=\":443\"; ma=2592000,h3-29=\":443\"; ma=2592000,h3-T051=\":443\"; ma=2592000,h3-Q050=\":443\"; ma=2592000,h3-Q046=\":443\"; ma=2592000,h3-Q043=\":443\"; ma=2592000,quic=\":443\"; ma=2592000; v=\"46,43\"","accept-ranges":"none","transfer-encoding":"chunked"}
[debug] [2021-09-08T03:29:30.772Z] > refreshing access token with scopes: []
[debug] [2021-09-08T03:29:30.772Z] >>> HTTP REQUEST POST https://www.googleapis.com/oauth2/v3/token  
 <request body omitted>
[debug] [2021-09-08T03:29:31.074Z] <<< HTTP RESPONSE 200 {"expires":"Mon, 01 Jan 1990 00:00:00 GMT","pragma":"no-cache","date":"Wed, 08 Sep 2021 03:29:31 GMT","cache-control":"no-cache, no-store, max-age=0, must-revalidate","content-type":"application/json; charset=utf-8","vary":"X-Origin, Referer, Origin,Accept-Encoding","server":"scaffolding on HTTPServer2","x-xss-protection":"0","x-frame-options":"SAMEORIGIN","x-content-type-options":"nosniff","alt-svc":"h3=\":443\"; ma=2592000,h3-29=\":443\"; ma=2592000,h3-T051=\":443\"; ma=2592000,h3-Q050=\":443\"; ma=2592000,h3-Q046=\":443\"; ma=2592000,h3-Q043=\":443\"; ma=2592000,quic=\":443\"; ma=2592000; v=\"46,43\"","accept-ranges":"none","transfer-encoding":"chunked"}
[debug] [2021-09-08T03:29:31.118Z] >>> [apiv2][query] GET https://firebase.googleapis.com/v1beta1/operations/workflows/ZTNkN2NlMGItYTJiMy00Y2NmLTk4NTYtZWE3YmE1MzNlYjM5 [none]
[debug] [2021-09-08T03:29:32.635Z] <<< [apiv2][status] GET https://firebase.googleapis.com/v1beta1/operations/workflows/ZTNkN2NlMGItYTJiMy00Y2NmLTk4NTYtZWE3YmE1MzNlYjM5 200
[debug] [2021-09-08T03:29:32.635Z] <<< [apiv2][body] GET https://firebase.googleapis.com/v1beta1/operations/workflows/ZTNkN2NlMGItYTJiMy00Y2NmLTk4NTYtZWE3YmE1MzNlYjM5 {"name":"operations/workflows/ZTNkN2NlMGItYTJiMy00Y2NmLTk4NTYtZWE3YmE1MzNlYjM5"}
[debug] [2021-09-08T03:29:33.138Z] [Add Firebase Poller] Retrying task index 0
[debug] [2021-09-08T03:29:33.140Z] >>> [apiv2][query] GET https://firebase.googleapis.com/v1beta1/operations/workflows/ZTNkN2NlMGItYTJiMy00Y2NmLTk4NTYtZWE3YmE1MzNlYjM5 [none]
[debug] [2021-09-08T03:29:34.669Z] <<< [apiv2][status] GET https://firebase.googleapis.com/v1beta1/operations/workflows/ZTNkN2NlMGItYTJiMy00Y2NmLTk4NTYtZWE3YmE1MzNlYjM5 200
[debug] [2021-09-08T03:29:34.670Z] <<< [apiv2][body] GET https://firebase.googleapis.com/v1beta1/operations/workflows/ZTNkN2NlMGItYTJiMy00Y2NmLTk4NTYtZWE3YmE1MzNlYjM5 {"name":"operations/workflows/ZTNkN2NlMGItYTJiMy00Y2NmLTk4NTYtZWE3YmE1MzNlYjM5"}
[debug] [2021-09-08T03:29:35.671Z] [Add Firebase Poller] Retrying task index 0
[debug] [2021-09-08T03:29:35.672Z] >>> [apiv2][query] GET https://firebase.googleapis.com/v1beta1/operations/workflows/ZTNkN2NlMGItYTJiMy00Y2NmLTk4NTYtZWE3YmE1MzNlYjM5 [none]
[debug] [2021-09-08T03:29:37.127Z] <<< [apiv2][status] GET https://firebase.googleapis.com/v1beta1/operations/workflows/ZTNkN2NlMGItYTJiMy00Y2NmLTk4NTYtZWE3YmE1MzNlYjM5 200
[debug] [2021-09-08T03:29:37.128Z] <<< [apiv2][body] GET https://firebase.googleapis.com/v1beta1/operations/workflows/ZTNkN2NlMGItYTJiMy00Y2NmLTk4NTYtZWE3YmE1MzNlYjM5 {"name":"operations/workflows/ZTNkN2NlMGItYTJiMy00Y2NmLTk4NTYtZWE3YmE1MzNlYjM5"}
[debug] [2021-09-08T03:29:39.132Z] [Add Firebase Poller] Retrying task index 0
[debug] [2021-09-08T03:29:39.133Z] >>> [apiv2][query] GET https://firebase.googleapis.com/v1beta1/operations/workflows/ZTNkN2NlMGItYTJiMy00Y2NmLTk4NTYtZWE3YmE1MzNlYjM5 [none]
[debug] [2021-09-08T03:29:40.408Z] <<< [apiv2][status] GET https://firebase.googleapis.com/v1beta1/operations/workflows/ZTNkN2NlMGItYTJiMy00Y2NmLTk4NTYtZWE3YmE1MzNlYjM5 200
[debug] [2021-09-08T03:29:40.409Z] <<< [apiv2][body] GET https://firebase.googleapis.com/v1beta1/operations/workflows/ZTNkN2NlMGItYTJiMy00Y2NmLTk4NTYtZWE3YmE1MzNlYjM5 {"name":"operations/workflows/ZTNkN2NlMGItYTJiMy00Y2NmLTk4NTYtZWE3YmE1MzNlYjM5"}
[debug] [2021-09-08T03:29:44.412Z] [Add Firebase Poller] Retrying task index 0
[debug] [2021-09-08T03:29:44.413Z] >>> [apiv2][query] GET https://firebase.googleapis.com/v1beta1/operations/workflows/ZTNkN2NlMGItYTJiMy00Y2NmLTk4NTYtZWE3YmE1MzNlYjM5 [none]
[debug] [2021-09-08T03:29:45.733Z] <<< [apiv2][status] GET https://firebase.googleapis.com/v1beta1/operations/workflows/ZTNkN2NlMGItYTJiMy00Y2NmLTk4NTYtZWE3YmE1MzNlYjM5 200
[debug] [2021-09-08T03:29:45.734Z] <<< [apiv2][body] GET https://firebase.googleapis.com/v1beta1/operations/workflows/ZTNkN2NlMGItYTJiMy00Y2NmLTk4NTYtZWE3YmE1MzNlYjM5 {"name":"operations/workflows/ZTNkN2NlMGItYTJiMy00Y2NmLTk4NTYtZWE3YmE1MzNlYjM5","done":true,"response":{"@type":"type.googleapis.com/google.firebase.service.v1beta1.FirebaseProject","projectId":"blog-hugo-evolvingkid","projectNumber":"603166095603","displayName":"blog-hugo-evolvingkid","name":"projects/blog-hugo-evolvingkid","resources":{"hostingSite":"blog-hugo-evolvingkid"}}}
[info] 
[info] 🎉🎉🎉 Your Firebase project is ready! 🎉🎉🎉
[info] 
[info] Project information:
[info]    - Project ID: blog-hugo-evolvingkid
[info]    - Project Name: blog-hugo-evolvingkid
[info] 
[info] Firebase console is available at
[info] https://console.firebase.google.com/project/blog-hugo-evolvingkid/overview
[info] i  Using project blog-hugo-evolvingkid (blog-hugo-evolvingkid) 
[info] 
=== Hosting Setup
[info] 
[info] Your public directory is the folder (relative to your project directory) that
[info] will contain Hosting assets to be uploaded with firebase deploy. If you
[info] have a build process for your assets, use your build's output directory.
[info] 
[info] ✔  Wrote public/404.html 
[debug] [2021-09-08T03:30:27.858Z] >>> [apiv2][query] GET https://www.gstatic.com/firebasejs/releases.json [none]
[debug] [2021-09-08T03:30:28.154Z] <<< [apiv2][status] GET https://www.gstatic.com/firebasejs/releases.json 200
[debug] [2021-09-08T03:30:28.154Z] <<< [apiv2][body] GET https://www.gstatic.com/firebasejs/releases.json {"current":{"version":"9.0.1","browserURL":"https://www.gstatic.com/firebasejs/9.0.1/firebase.js","packageURL":"https://www.gstatic.com/firebasejs/9.0.1/firebase.tgz"},"live":{"version":"9.0","browserURL":"https://www.gstatic.com/firebasejs/live/9.0/firebase.js","packageURL":"https://www.gstatic.com/firebasejs/live/9.0/firebase.tgz"},"components":{"analytics":"https://www.gstatic.com/firebasejs/9.0.1/firebase-analytics.js","app":"https://www.gstatic.com/firebasejs/9.0.1/firebase-app.js","app-check":"https://www.gstatic.com/firebasejs/9.0.1/firebase-app-check.js","auth":"https://www.gstatic.com/firebasejs/9.0.1/firebase-auth.js","auth/cordova":"https://www.gstatic.com/firebasejs/9.0.1/firebase-auth/cordova.js","auth/react-native":"https://www.gstatic.com/firebasejs/9.0.1/firebase-auth/react-native.js","functions":"https://www.gstatic.com/firebasejs/9.0.1/firebase-functions.js","firestore":"https://www.gstatic.com/firebasejs/9.0.1/firebase-firestore.js","firestore/lite":"https://www.gstatic.com/firebasejs/9.0.1/firebase-firestore/lite.js","storage":"https://www.gstatic.com/firebasejs/9.0.1/firebase-storage.js","performance":"https://www.gstatic.com/firebasejs/9.0.1/firebase-performance.js","remote-config":"https://www.gstatic.com/firebasejs/9.0.1/firebase-remote-config.js","messaging":"https://www.gstatic.com/firebasejs/9.0.1/firebase-messaging.js","messaging/sw":"https://www.gstatic.com/firebasejs/9.0.1/firebase-messaging/sw.js","database":"https://www.gstatic.com/firebasejs/9.0.1/firebase-database.js","firestore.memory":"https://www.gstatic.com/firebasejs/9.0.1/firebase-firestore.memory.js"}}
[info] ✔  Wrote public/index.html 
[info] 
[info] i  Detected a .git folder at /Users/mohammedfayez/Documents/hugo/blog 
[info] i  Authorizing with GitHub to upload your service account to a GitHub repository's secrets store. 
[info] 
[info] Visit this URL on this device to log in:
[info] https://github.com/login/oauth/authorize?client_id=89cf50f02ac6aaed3484&state=458283515&redirect_uri=http%3A%2F%2Flocalhost%3A9005&scope=read%3Auser%20repo%20public_repo
[info] 
[info] Waiting for authentication...
[debug] [2021-09-08T03:30:37.742Z] >>> HTTP REQUEST POST https://github.com/login/oauth/access_token  
 {"client_id":"89cf50f02ac6aaed3484","client_secret":"3330d14abc895d9a74d5f17cd7a00711fa2c5bf0","code":"93fe784d0c36573341ad","redirect_uri":"http://localhost:9005","state":"458283515"}
[debug] [2021-09-08T03:30:38.118Z] <<< HTTP RESPONSE 200 {"server":"GitHub.com","date":"Wed, 08 Sep 2021 03:30:38 GMT","content-type":"application/json; charset=utf-8","transfer-encoding":"chunked","vary":"X-PJAX, X-PJAX-Container, Accept-Encoding, Accept, X-Requested-With","permissions-policy":"interest-cohort=()","etag":"W/\"cd7a9fb2f79b3f07767e207c60a94968\"","cache-control":"max-age=0, private, must-revalidate","strict-transport-security":"max-age=31536000; includeSubdomains; preload","x-frame-options":"deny","x-content-type-options":"nosniff","x-xss-protection":"0","referrer-policy":"origin-when-cross-origin, strict-origin-when-cross-origin","expect-ct":"max-age=2592000, report-uri=\"https://api.github.com/_private/browser/errors\"","content-security-policy":"default-src 'none'; base-uri 'self'; block-all-mixed-content; connect-src 'self' uploads.github.com www.githubstatus.com collector.githubapp.com api.github.com github-cloud.s3.amazonaws.com github-production-repository-file-5c1aeb.s3.amazonaws.com github-production-upload-manifest-file-7fdce7.s3.amazonaws.com github-production-user-asset-6210df.s3.amazonaws.com cdn.optimizely.com logx.optimizely.com/v1/events translator.github.com wss://alive.github.com; font-src github.githubassets.com; form-action 'self' github.com gist.github.com; frame-ancestors 'none'; frame-src render.githubusercontent.com viewscreen.githubusercontent.com; img-src 'self' data: github.githubassets.com identicons.github.com collector.githubapp.com github-cloud.s3.amazonaws.com secured-user-images.githubusercontent.com/ *.githubusercontent.com; manifest-src 'self'; media-src 'none'; script-src github.githubassets.com; style-src 'unsafe-inline' github.githubassets.com; worker-src github.com/socket-worker-7c2abeb0.js gist.github.com/socket-worker-7c2abeb0.js","x-github-request-id":"E19D:6409:DB0C20:F18718:61382E5D"}
[debug] [2021-09-08T03:30:38.123Z] >>> [apiv2][query] GET https://api.github.com/user [none]
[debug] [2021-09-08T03:30:38.546Z] <<< [apiv2][status] GET https://api.github.com/user 200
[debug] [2021-09-08T03:30:38.547Z] <<< [apiv2][body] GET https://api.github.com/user {"login":"evolvingkid","id":48388666,"node_id":"MDQ6VXNlcjQ4Mzg4NjY2","avatar_url":"https://avatars.githubusercontent.com/u/48388666?v=4","gravatar_id":"","url":"https://api.github.com/users/evolvingkid","html_url":"https://github.com/evolvingkid","followers_url":"https://api.github.com/users/evolvingkid/followers","following_url":"https://api.github.com/users/evolvingkid/following{/other_user}","gists_url":"https://api.github.com/users/evolvingkid/gists{/gist_id}","starred_url":"https://api.github.com/users/evolvingkid/starred{/owner}{/repo}","subscriptions_url":"https://api.github.com/users/evolvingkid/subscriptions","organizations_url":"https://api.github.com/users/evolvingkid/orgs","repos_url":"https://api.github.com/users/evolvingkid/repos","events_url":"https://api.github.com/users/evolvingkid/events{/privacy}","received_events_url":"https://api.github.com/users/evolvingkid/received_events","type":"User","site_admin":false,"name":"evolving_kid","company":"Neoito","blog":"","location":"Ernakulam, Kerala, India","email":null,"hireable":null,"bio":"Flutter Dev |\r\nNode Js |  React Js\r\n","twitter_username":"evolvingkid","public_repos":43,"public_gists":0,"followers":73,"following":26,"created_at":"2019-03-09T16:35:10Z","updated_at":"2021-09-07T03:49:25Z","private_gists":0,"total_private_repos":9,"owned_private_repos":9,"disk_usage":361433,"collaborators":6,"two_factor_authentication":false,"plan":{"name":"pro","space":976562499,"collaborators":0,"private_repos":9999}}
[info] 
[info] ✔  Success! Logged into GitHub as evolvingkid 
[info] 
